# Writing all output to: C:\Users\Lumi\git_projects\xcj_swarm\kicad\swarmrobot_new_route.log
"C:/Program Files/ELECTRA_250\Help\User_Guide.pdf"
bus diagonal
fanout 5 (direction out)
route 10
clean 2
route 10 16
clean 1
filter 5
recorner diagonal
status_file

dx:   0.000 dy:   0.000  dist:   0.000 mil
bus diagonal
fanout 5 (direction out)
route 10
clean 1
route 10 16
clean 1
filter 5
recorner diagonal
status_file

bus diagonal
route 10
clean 1
route 10 16
clean 1
filter 5
recorner diagonal
status_file

bus diagonal
fanout 5 (direction out)
route 10
clean 1
route 10 16
clean 1
filter 5
recorner diagonal
status_file

bus diagonal
fanout 5 (direction out)
route 10
clean 2
route 10 16
clean 2
filter 5
recorner diagonal
status_file

bus diagonal
fanout 5 (direction out)
route 10
clean 2
route 10 16
clean 2
filter 5
recorner diagonal
status_file

